<?xml version="1.0" encoding="UTF-8"?>
<!-- Generated by org.testng.reporters.JUnitReportReporter -->
<testsuite skipped="0" hostname="EPINPUNW0032" name="TestA" tests="1" failures="0" timestamp="28 Nov 2018 07:30:26 GMT" time="0.961" errors="0">
  <testcase name="GetData" time="0.961" classname="TestA"/>
</testsuite> <!-- TestA -->
