<?xml version="1.0" encoding="UTF-8"?>
<!-- Generated by org.testng.reporters.JUnitReportReporter -->
<testsuite skipped="0" hostname="EPINPUNW0032" name="ArraysWithJSONParser" tests="1" failures="0" timestamp="29 Nov 2018 06:03:00 GMT" time="1.205" errors="0">
  <testcase name="Test1" time="1.205" classname="ArraysWithJSONParser"/>
</testsuite> <!-- ArraysWithJSONParser -->
