<?xml version="1.0" encoding="UTF-8"?>
<!-- Generated by org.testng.reporters.JUnitReportReporter -->
<testsuite skipped="0" hostname="EPINPUNW0013" name="com.qa.tests.PostAPITest" tests="1" failures="0" timestamp="29 Nov 2018 10:54:06 GMT" time="1.936" errors="0">
  <testcase name="postAPITest" time="1.936" classname="com.qa.tests.PostAPITest"/>
</testsuite> <!-- com.qa.tests.PostAPITest -->
