<?xml version="1.0" encoding="UTF-8"?>
<!-- Generated by org.testng.reporters.JUnitReportReporter -->
<testsuite skipped="0" hostname="EPINPUNW0013" name="com.qa.tests.PostAPITestJayway" tests="1" failures="0" timestamp="23 Nov 2018 11:40:38 GMT" time="1.283" errors="0">
  <testcase name="postAPITest" time="1.283" classname="com.qa.tests.PostAPITestJayway"/>
</testsuite> <!-- com.qa.tests.PostAPITestJayway -->
