<?xml version="1.0" encoding="UTF-8"?>
<!-- Generated by org.testng.reporters.JUnitReportReporter -->
<testsuite skipped="0" hostname="EPINPUNW0013" name="com.qa.tests.GetAPITest" tests="1" failures="0" timestamp="29 Nov 2018 11:39:51 GMT" time="2.287" errors="0">
  <testcase name="getAPITestWithoutHeaders" time="2.287" classname="com.qa.tests.GetAPITest"/>
</testsuite> <!-- com.qa.tests.GetAPITest -->
